<?xml version="1.0" encoding="UTF-8"?>
<!-- Generated by org.testng.reporters.JUnitXMLReporter -->
<testsuite ignored="0" hostname="STODOROV" failures="2" tests="15" name="Surefire test" time="70.664" errors="0" timestamp="2025-02-24T18:03:32 EET">
  <testcase classname="CreateNewEventTest" name="TestingTheNameField2" time="7.359"/>
  <testcase classname="CreateNewEventTest" name="TestingTheNameField3" time="7.538"/>
  <testcase classname="CreateNewEventTest" name="TestingTheNameField50" time="7.612"/>
  <testcase classname="HomeGroupTest" name="CreateNewEvent" time="2.414"/>
  <testcase classname="HomeGroupTest" name="ViewAllEvents" time="2.474"/>
  <testcase classname="HomeGroupTest" name="DropDownCreateEvent" time="3.316">
    <failure type="java.lang.AssertionError" message="expected [http://softuni-qa-loadbalancer-2137572849.eu-north-1.elb.amazonaws.com:81/Events/Create] but found [http://softuni-qa-loadbalancer-2137572849.eu-north-1.elb.amazonaws.com:81/]">
      <![CDATA[java.lang.AssertionError: expected [http://softuni-qa-loadbalancer-2137572849.eu-north-1.elb.amazonaws.com:81/Events/Create] but found [http://softuni-qa-loadbalancer-2137572849.eu-north-1.elb.amazonaws.com:81/]
at HomeGroupTest.DropDownCreateEvent(HomeGroupTest.java:58)
at java.base/java.util.ArrayList.forEach(ArrayList.java:1511)
... Removed 36 stack frames]]>
    </failure>
  </testcase> <!-- DropDownCreateEvent -->
  <testcase classname="HomeGroupTest" name="DropDownViewAll" time="3.706"/>
  <testcase classname="LoginFormTest" name="LoginWithValidCredentials" time="4.121"/>
  <testcase classname="LoginFormTest" name="LoginWithInvalidCredentials" time="4.084"/>
  <testcase classname="LoginFormTest" name="RegisterLink" time="2.386"/>
  <testcase classname="LoginFormTest" name="LoginWithEmptyCredentials" time="3.34"/>
  <testcase classname="RegisterFormTest" name="UsernameWithFiveCharacters" time="4.379"/>
  <testcase classname="RegisterFormTest" name="UsernameTaken" time="4.357"/>
  <testcase classname="RegisterFormTest" name="UsernameWithFourCharacters" time="3.243">
    <failure type="org.openqa.selenium.NoSuchElementException" message="no such element: Unable to locate element: {&amp;quot;method&amp;quot;:&amp;quot;xpath&amp;quot;,&amp;quot;selector&amp;quot;:&amp;quot;//div[@class=&amp;quot;text-danger validation-summary-errors&amp;quot;]&amp;quot;}
  (Session info: chrome=133.0.6943.127)
For documentation on this error, please visit: https://www.selenium.dev/documentation/webdriver/troubleshooting/errors#no-such-element-exception
Build info: version: &amp;apos;4.28.0&amp;apos;, revision: &amp;apos;ac342546e9&amp;apos;
System info: os.name: &amp;apos;Windows 11&amp;apos;, os.arch: &amp;apos;amd64&amp;apos;, os.version: &amp;apos;10.0&amp;apos;, java.version: &amp;apos;19&amp;apos;
Driver info: org.openqa.selenium.chrome.ChromeDriver
Command: [4540f5d4384592bf001f29bed087bba6, findElement {value=//div[@class=&amp;quot;text-danger validation-summary-errors&amp;quot;], using=xpath}]
Capabilities {acceptInsecureCerts: false, browserName: chrome, browserVersion: 133.0.6943.127, chrome: {chromedriverVersion: 133.0.6943.126 (cffa127ce7b..., userDataDir: C:\Users\Miro\AppData\Local...}, fedcm:accounts: true, goog:chromeOptions: {debuggerAddress: localhost:64358}, networkConnectionEnabled: false, pageLoadStrategy: normal, platformName: windows, proxy: Proxy(), se:cdp: ws://localhost:64358/devtoo..., se:cdpVersion: 133.0.6943.127, setWindowRect: true, strictFileInteractability: false, timeouts: {implicit: 0, pageLoad: 300000, script: 30000}, unhandledPromptBehavior: dismiss and notify, webauthn:extension:credBlob: true, webauthn:extension:largeBlob: true, webauthn:extension:minPinLength: true, webauthn:extension:prf: true, webauthn:virtualAuthenticators: true}
Session ID: 4540f5d4384592bf001f29bed087bba6">
      <![CDATA[org.openqa.selenium.NoSuchElementException: no such element: Unable to locate element: {"method":"xpath","selector":"//div[@class="text-danger validation-summary-errors"]"}
  (Session info: chrome=133.0.6943.127)
For documentation on this error, please visit: https://www.selenium.dev/documentation/webdriver/troubleshooting/errors#no-such-element-exception
Build info: version: '4.28.0', revision: 'ac342546e9'
System info: os.name: 'Windows 11', os.arch: 'amd64', os.version: '10.0', java.version: '19'
Driver info: org.openqa.selenium.chrome.ChromeDriver
Command: [4540f5d4384592bf001f29bed087bba6, findElement {value=//div[@class="text-danger validation-summary-errors"], using=xpath}]
Capabilities {acceptInsecureCerts: false, browserName: chrome, browserVersion: 133.0.6943.127, chrome: {chromedriverVersion: 133.0.6943.126 (cffa127ce7b..., userDataDir: C:\Users\Miro\AppData\Local...}, fedcm:accounts: true, goog:chromeOptions: {debuggerAddress: localhost:64358}, networkConnectionEnabled: false, pageLoadStrategy: normal, platformName: windows, proxy: Proxy(), se:cdp: ws://localhost:64358/devtoo..., se:cdpVersion: 133.0.6943.127, setWindowRect: true, strictFileInteractability: false, timeouts: {implicit: 0, pageLoad: 300000, script: 30000}, unhandledPromptBehavior: dismiss and notify, webauthn:extension:credBlob: true, webauthn:extension:largeBlob: true, webauthn:extension:minPinLength: true, webauthn:extension:prf: true, webauthn:virtualAuthenticators: true}
Session ID: 4540f5d4384592bf001f29bed087bba6
at org.openqa.selenium.remote.ErrorCodec.decode(ErrorCodec.java:167)
at org.openqa.selenium.remote.codec.w3c.W3CHttpResponseCodec.decode(W3CHttpResponseCodec.java:138)
at org.openqa.selenium.remote.codec.w3c.W3CHttpResponseCodec.decode(W3CHttpResponseCodec.java:50)
at org.openqa.selenium.remote.HttpCommandExecutor.execute(HttpCommandExecutor.java:215)
at org.openqa.selenium.remote.service.DriverCommandExecutor.invokeExecute(DriverCommandExecutor.java:216)
at org.openqa.selenium.remote.service.DriverCommandExecutor.execute(DriverCommandExecutor.java:174)
at org.openqa.selenium.remote.RemoteWebDriver.execute(RemoteWebDriver.java:545)
at org.openqa.selenium.remote.ElementLocation$ElementFinder$2.findElement(ElementLocation.java:165)
at org.openqa.selenium.remote.ElementLocation.findElement(ElementLocation.java:59)
at org.openqa.selenium.remote.RemoteWebDriver.findElement(RemoteWebDriver.java:368)
at org.openqa.selenium.remote.RemoteWebDriver.findElement(RemoteWebDriver.java:362)
at RegisterFormTest.UsernameWithFourCharacters(RegisterFormTest.java:71)
at java.base/java.util.ArrayList.forEach(ArrayList.java:1511)
... Removed 33 stack frames]]>
    </failure>
  </testcase> <!-- UsernameWithFourCharacters -->
  <testcase classname="RegisterFormTest" name="UsernameEmpty" time="2.547"/>
</testsuite> <!-- Surefire test -->
