<!DOCTYPE html PUBLIC "-//W3C//DTD XHTML 1.1//EN" "https://www.w3.org/TR/xhtml11/DTD/xhtml11.dtd">
<html xmlns="https://www.w3.org/1999/xhtml">
<head>
<meta http-equiv="content-type" content="text/html; charset=UTF-8"/>
<title>TestNG Report</title>
<style type="text/css">table {margin-bottom:10px;border-collapse:collapse;empty-cells:show}th,td {border:1px solid #009;padding:.25em .5em}th {vertical-align:bottom}td {vertical-align:top}table a {font-weight:bold}.stripe td {background-color: #E6EBF9}.num {text-align:right}.passedodd td {background-color: #3F3}.passedeven td {background-color: #0A0}.skippedodd td {background-color: #DDD}.skippedeven td {background-color: #CCC}.failedodd td,.attn {background-color: #F33}.failedeven td,.stripe .attn {background-color: #D00}.stacktrace {white-space:pre;font-family:monospace}.totop {font-size:85%;text-align:center;border-bottom:2px solid #000}.invisible {display:none}</style>
</head>
<body>
<table>
<tr><th>Test</th><th># Passed</th><th># Skipped</th><th># Retried</th><th># Failed</th><th>Time (ms)</th><th>Included Groups</th><th>Excluded Groups</th></tr>
<tr><th colspan="8">Surefire suite</th></tr>
<tr><td><a href="#t0">Surefire test</a></td><td class="num">13</td><td class="num">0</td><td class="num">0</td><td class="num attn">2</td><td class="num">70,664</td><td></td><td></td></tr>
</table>
<table id='summary'><thead><tr><th>Class</th><th>Method</th><th>Start</th><th>Time (ms)</th></tr></thead><tbody><tr><th colspan="4">Surefire suite</th></tr></tbody><tbody id="t0"><tr><th colspan="4">Surefire test &#8212; failed</th></tr><tr class="failedeven"><td rowspan="1">HomeGroupTest</td><td><a href="#m0">DropDownCreateEvent</a></td><td rowspan="1">1740412976487</td><td rowspan="1">3316</td></tr><tr class="failedodd"><td rowspan="1">RegisterFormTest</td><td><a href="#m1">UsernameWithFourCharacters</a></td><td rowspan="1">1740413006187</td><td rowspan="1">3243</td></tr><tr><th colspan="4">Surefire test &#8212; passed</th></tr><tr class="passedeven"><td rowspan="3">CreateNewEventTest</td><td><a href="#m2">TestingTheNameField2</a></td><td rowspan="1">1740412949084</td><td rowspan="1">7359</td></tr><tr class="passedeven"><td><a href="#m3">TestingTheNameField3</a></td><td rowspan="1">1740412956445</td><td rowspan="1">7538</td></tr><tr class="passedeven"><td><a href="#m4">TestingTheNameField50</a></td><td rowspan="1">1740412963984</td><td rowspan="1">7612</td></tr><tr class="passedodd"><td rowspan="3">HomeGroupTest</td><td><a href="#m5">CreateNewEvent</a></td><td rowspan="1">1740412971598</td><td rowspan="1">2414</td></tr><tr class="passedodd"><td><a href="#m6">DropDownViewAll</a></td><td rowspan="1">1740412979806</td><td rowspan="1">3706</td></tr><tr class="passedodd"><td><a href="#m7">ViewAllEvents</a></td><td rowspan="1">1740412974012</td><td rowspan="1">2474</td></tr><tr class="passedeven"><td rowspan="4">LoginFormTest</td><td><a href="#m8">LoginWithEmptyCredentials</a></td><td rowspan="1">1740412994109</td><td rowspan="1">3340</td></tr><tr class="passedeven"><td><a href="#m9">LoginWithInvalidCredentials</a></td><td rowspan="1">1740412987637</td><td rowspan="1">4084</td></tr><tr class="passedeven"><td><a href="#m10">LoginWithValidCredentials</a></td><td rowspan="1">1740412983515</td><td rowspan="1">4121</td></tr><tr class="passedeven"><td><a href="#m11">RegisterLink</a></td><td rowspan="1">1740412991722</td><td rowspan="1">2386</td></tr><tr class="passedodd"><td rowspan="3">RegisterFormTest</td><td><a href="#m12">UsernameEmpty</a></td><td rowspan="1">1740413009433</td><td rowspan="1">2547</td></tr><tr class="passedodd"><td><a href="#m13">UsernameTaken</a></td><td rowspan="1">1740413001829</td><td rowspan="1">4357</td></tr><tr class="passedodd"><td><a href="#m14">UsernameWithFiveCharacters</a></td><td rowspan="1">1740412997449</td><td rowspan="1">4379</td></tr></tbody>
</table>
<h2>Surefire test</h2><h3 id="m0">HomeGroupTest#DropDownCreateEvent</h3><table class="result"><tr><th>Exception</th></tr><tr><td><div class="stacktrace">java.lang.AssertionError: expected [http://softuni-qa-loadbalancer-2137572849.eu-north-1.elb.amazonaws.com:81/Events/Create] but found [http://softuni-qa-loadbalancer-2137572849.eu-north-1.elb.amazonaws.com:81/]
	at HomeGroupTest.DropDownCreateEvent(HomeGroupTest.java:58)
	at java.base/java.util.ArrayList.forEach(ArrayList.java:1511)
... Removed 36 stack frames</div></td></tr></table><p class="totop"><a href="#summary">back to summary</a></p>
<h3 id="m1">RegisterFormTest#UsernameWithFourCharacters</h3><table class="result"><tr><th>Exception</th></tr><tr><td><div class="stacktrace">org.openqa.selenium.NoSuchElementException: no such element: Unable to locate element: {&quot;method&quot;:&quot;xpath&quot;,&quot;selector&quot;:&quot;//div[@class=&quot;text-danger validation-summary-errors&quot;]&quot;}
  (Session info: chrome=133.0.6943.127)
For documentation on this error, please visit: https://www.selenium.dev/documentation/webdriver/troubleshooting/errors#no-such-element-exception
Build info: version: &apos;4.28.0&apos;, revision: &apos;ac342546e9&apos;
System info: os.name: &apos;Windows 11&apos;, os.arch: &apos;amd64&apos;, os.version: &apos;10.0&apos;, java.version: &apos;19&apos;
Driver info: org.openqa.selenium.chrome.ChromeDriver
Command: [4540f5d4384592bf001f29bed087bba6, findElement {value=//div[@class=&quot;text-danger validation-summary-errors&quot;], using=xpath}]
Capabilities {acceptInsecureCerts: false, browserName: chrome, browserVersion: 133.0.6943.127, chrome: {chromedriverVersion: 133.0.6943.126 (cffa127ce7b..., userDataDir: C:\Users\Miro\AppData\Local...}, fedcm:accounts: true, goog:chromeOptions: {debuggerAddress: localhost:64358}, networkConnectionEnabled: false, pageLoadStrategy: normal, platformName: windows, proxy: Proxy(), se:cdp: ws://localhost:64358/devtoo..., se:cdpVersion: 133.0.6943.127, setWindowRect: true, strictFileInteractability: false, timeouts: {implicit: 0, pageLoad: 300000, script: 30000}, unhandledPromptBehavior: dismiss and notify, webauthn:extension:credBlob: true, webauthn:extension:largeBlob: true, webauthn:extension:minPinLength: true, webauthn:extension:prf: true, webauthn:virtualAuthenticators: true}
Session ID: 4540f5d4384592bf001f29bed087bba6
	at org.openqa.selenium.remote.ErrorCodec.decode(ErrorCodec.java:167)
	at org.openqa.selenium.remote.codec.w3c.W3CHttpResponseCodec.decode(W3CHttpResponseCodec.java:138)
	at org.openqa.selenium.remote.codec.w3c.W3CHttpResponseCodec.decode(W3CHttpResponseCodec.java:50)
	at org.openqa.selenium.remote.HttpCommandExecutor.execute(HttpCommandExecutor.java:215)
	at org.openqa.selenium.remote.service.DriverCommandExecutor.invokeExecute(DriverCommandExecutor.java:216)
	at org.openqa.selenium.remote.service.DriverCommandExecutor.execute(DriverCommandExecutor.java:174)
	at org.openqa.selenium.remote.RemoteWebDriver.execute(RemoteWebDriver.java:545)
	at org.openqa.selenium.remote.ElementLocation$ElementFinder$2.findElement(ElementLocation.java:165)
	at org.openqa.selenium.remote.ElementLocation.findElement(ElementLocation.java:59)
	at org.openqa.selenium.remote.RemoteWebDriver.findElement(RemoteWebDriver.java:368)
	at org.openqa.selenium.remote.RemoteWebDriver.findElement(RemoteWebDriver.java:362)
	at RegisterFormTest.UsernameWithFourCharacters(RegisterFormTest.java:71)
	at java.base/java.util.ArrayList.forEach(ArrayList.java:1511)
... Removed 33 stack frames</div></td></tr></table><p class="totop"><a href="#summary">back to summary</a></p>
<h3 id="m2">CreateNewEventTest#TestingTheNameField2</h3><table class="result"><tr><th class="invisible"/></tr></table><p class="totop"><a href="#summary">back to summary</a></p>
<h3 id="m3">CreateNewEventTest#TestingTheNameField3</h3><table class="result"><tr><th class="invisible"/></tr></table><p class="totop"><a href="#summary">back to summary</a></p>
<h3 id="m4">CreateNewEventTest#TestingTheNameField50</h3><table class="result"><tr><th class="invisible"/></tr></table><p class="totop"><a href="#summary">back to summary</a></p>
<h3 id="m5">HomeGroupTest#CreateNewEvent</h3><table class="result"><tr><th class="invisible"/></tr></table><p class="totop"><a href="#summary">back to summary</a></p>
<h3 id="m6">HomeGroupTest#DropDownViewAll</h3><table class="result"><tr><th class="invisible"/></tr></table><p class="totop"><a href="#summary">back to summary</a></p>
<h3 id="m7">HomeGroupTest#ViewAllEvents</h3><table class="result"><tr><th class="invisible"/></tr></table><p class="totop"><a href="#summary">back to summary</a></p>
<h3 id="m8">LoginFormTest#LoginWithEmptyCredentials</h3><table class="result"><tr><th class="invisible"/></tr></table><p class="totop"><a href="#summary">back to summary</a></p>
<h3 id="m9">LoginFormTest#LoginWithInvalidCredentials</h3><table class="result"><tr><th class="invisible"/></tr></table><p class="totop"><a href="#summary">back to summary</a></p>
<h3 id="m10">LoginFormTest#LoginWithValidCredentials</h3><table class="result"><tr><th class="invisible"/></tr></table><p class="totop"><a href="#summary">back to summary</a></p>
<h3 id="m11">LoginFormTest#RegisterLink</h3><table class="result"><tr><th class="invisible"/></tr></table><p class="totop"><a href="#summary">back to summary</a></p>
<h3 id="m12">RegisterFormTest#UsernameEmpty</h3><table class="result"><tr><th class="invisible"/></tr></table><p class="totop"><a href="#summary">back to summary</a></p>
<h3 id="m13">RegisterFormTest#UsernameTaken</h3><table class="result"><tr><th class="invisible"/></tr></table><p class="totop"><a href="#summary">back to summary</a></p>
<h3 id="m14">RegisterFormTest#UsernameWithFiveCharacters</h3><table class="result"><tr><th class="invisible"/></tr></table><p class="totop"><a href="#summary">back to summary</a></p>
</body>
</html>
